<?xml version="1.0" encoding="UTF-8"?>
<!-- Generated by org.testng.reporters.JUnitReportReporter -->
<testsuite skipped="0" hostname="Pradeep-Ravichandran" name="restassuredproject.GetResponseSample" tests="1" failures="0" timestamp="2022-02-03T23:41:01 IST" time="3.154" errors="0">
  <testcase name="GetSampleTwo" time="3.154" classname="restassuredproject.GetResponseSample"/>
  <system-out/>
</testsuite> <!-- restassuredproject.GetResponseSample -->
