<?xml version="1.0" encoding="UTF-8"?>
<!-- Generated by org.testng.reporters.JUnitReportReporter -->
<testsuite skipped="0" hostname="Pradeep-Ravichandran" name="restassuredproject.SampleRequestPost" tests="1" failures="0" timestamp="2022-02-04T16:47:01 IST" time="2.775" errors="0">
  <testcase name="samplePost" time="2.775" classname="restassuredproject.SampleRequestPost"/>
  <system-out/>
</testsuite> <!-- restassuredproject.SampleRequestPost -->
